<?xml version="1.0" encoding="UTF-8"?>
<testsuite name="mcgill.ecse321.eventregistration.dao.TestEventRegistrationPersistence" tests="3" skipped="0" failures="0" errors="0" timestamp="2022-03-21T16:04:03" hostname="DESKTOP-M8ELEUJ" time="1.874">
  <properties/>
  <testcase name="testPersistAndLoadPerson()" classname="mcgill.ecse321.eventregistration.dao.TestEventRegistrationPersistence" time="0.612"/>
  <testcase name="testPersistAndLoadEvent()" classname="mcgill.ecse321.eventregistration.dao.TestEventRegistrationPersistence" time="0.435"/>
  <testcase name="testPersistAndLoadRegistration()" classname="mcgill.ecse321.eventregistration.dao.TestEventRegistrationPersistence" time="0.825"/>
  <system-out><![CDATA[2022-03-21 12:04:03.001  INFO 25336 --- [    Test worker] .b.t.c.SpringBootTestContextBootstrapper : Neither @ContextConfiguration nor @ContextHierarchy found for test class [mcgill.ecse321.eventregistration.dao.TestEventRegistrationPersistence], using SpringBootContextLoader
2022-03-21 12:04:03.001  INFO 25336 --- [    Test worker] o.s.t.c.support.AbstractContextLoader    : Could not detect default resource locations for test class [mcgill.ecse321.eventregistration.dao.TestEventRegistrationPersistence]: no resource found for suffixes {-context.xml, Context.groovy}.
2022-03-21 12:04:03.001  INFO 25336 --- [    Test worker] t.c.s.AnnotationConfigContextLoaderUtils : Could not detect default configuration classes for test class [mcgill.ecse321.eventregistration.dao.TestEventRegistrationPersistence]: TestEventRegistrationPersistence does not declare any static, non-private, non-final, nested classes annotated with @Configuration.
2022-03-21 12:04:03.005  INFO 25336 --- [    Test worker] .b.t.c.SpringBootTestContextBootstrapper : Found @SpringBootConfiguration mcgill.ecse321.eventregistration.EventRegistrationBackendApplication for test class mcgill.ecse321.eventregistration.dao.TestEventRegistrationPersistence
2022-03-21 12:04:03.006  INFO 25336 --- [    Test worker] .b.t.c.SpringBootTestContextBootstrapper : Loaded default TestExecutionListener class names from location [META-INF/spring.factories]: [org.springframework.boot.test.autoconfigure.restdocs.RestDocsTestExecutionListener, org.springframework.boot.test.autoconfigure.web.client.MockRestServiceServerResetTestExecutionListener, org.springframework.boot.test.autoconfigure.web.servlet.MockMvcPrintOnlyOnFailureTestExecutionListener, org.springframework.boot.test.autoconfigure.web.servlet.WebDriverTestExecutionListener, org.springframework.boot.test.autoconfigure.webservices.client.MockWebServiceServerTestExecutionListener, org.springframework.boot.test.mock.mockito.MockitoTestExecutionListener, org.springframework.boot.test.mock.mockito.ResetMocksTestExecutionListener, org.springframework.test.context.web.ServletTestExecutionListener, org.springframework.test.context.support.DirtiesContextBeforeModesTestExecutionListener, org.springframework.test.context.event.ApplicationEventsTestExecutionListener, org.springframework.test.context.support.DependencyInjectionTestExecutionListener, org.springframework.test.context.support.DirtiesContextTestExecutionListener, org.springframework.test.context.transaction.TransactionalTestExecutionListener, org.springframework.test.context.jdbc.SqlScriptsTestExecutionListener, org.springframework.test.context.event.EventPublishingTestExecutionListener]
2022-03-21 12:04:03.006  INFO 25336 --- [    Test worker] .b.t.c.SpringBootTestContextBootstrapper : Using TestExecutionListeners: [org.springframework.test.context.web.ServletTestExecutionListener@4c51fc9a, org.springframework.test.context.support.DirtiesContextBeforeModesTestExecutionListener@425376cc, org.springframework.test.context.event.ApplicationEventsTestExecutionListener@28705150, org.springframework.boot.test.mock.mockito.MockitoTestExecutionListener@6b44121e, org.springframework.boot.test.autoconfigure.SpringBootDependencyInjectionTestExecutionListener@28b286c0, org.springframework.test.context.support.DirtiesContextTestExecutionListener@718e700c, org.springframework.test.context.transaction.TransactionalTestExecutionListener@5b5e45bc, org.springframework.test.context.jdbc.SqlScriptsTestExecutionListener@10c1682b, org.springframework.test.context.event.EventPublishingTestExecutionListener@2cf97875, org.springframework.boot.test.autoconfigure.restdocs.RestDocsTestExecutionListener@2e7563f6, org.springframework.boot.test.autoconfigure.web.client.MockRestServiceServerResetTestExecutionListener@72fa021, org.springframework.boot.test.autoconfigure.web.servlet.MockMvcPrintOnlyOnFailureTestExecutionListener@1c3400df, org.springframework.boot.test.autoconfigure.web.servlet.WebDriverTestExecutionListener@7be9e9fc, org.springframework.boot.test.autoconfigure.webservices.client.MockWebServiceServerTestExecutionListener@7e864fa4, org.springframework.boot.test.mock.mockito.ResetMocksTestExecutionListener@452d6fd]
]]></system-out>
  <system-err><![CDATA[]]></system-err>
</testsuite>
